<?xml version="1.0" encoding="UTF-8"?>
<!-- Generated by org.testng.reporters.JUnitReportReporter -->
<testsuite hostname="asda1713po02529" name="Test.BasicTatoc.DungeonTest" tests="3" failures="0" timestamp="31 Jul 2017 04:57:06 GMT" time="0.861" errors="0">
  <testcase name="proceedFailTest" time="0.239" classname="Test.BasicTatoc.DungeonTest"/>
  <testcase name="proceedPassTest" time="0.328" classname="Test.BasicTatoc.DungeonTest"/>
  <testcase name="repaintSecondBoxtest" time="0.294" classname="Test.BasicTatoc.DungeonTest"/>
</testsuite> <!-- Test.BasicTatoc.DungeonTest -->
