<?xml version="1.0" encoding="UTF-8"?>
<!-- Generated by org.testng.reporters.JUnitReportReporter -->
<testsuite hostname="asda1713po02529" name="Test.BasicTatoc.OpenBasicTatocTest" tests="11" failures="0" timestamp="31 Jul 2017 04:41:24 GMT" time="4.073" errors="0">
  <testcase name="repaintSecondBoxtest" time="0.347" classname="Test.BasicTatoc.OpenBasicTatocTest"/>
  <testcase name="proceedFailTest" time="0.233" classname="Test.BasicTatoc.OpenBasicTatocTest"/>
  <testcase name="dragAndDropFailTest" time="0.209" classname="Test.BasicTatoc.OpenBasicTatocTest"/>
  <testcase name="redGridTest" time="0.428" classname="Test.BasicTatoc.OpenBasicTatocTest"/>
  <testcase name="submitNameFailtest" time="0.314" classname="Test.BasicTatoc.OpenBasicTatocTest"/>
  <testcase name="greenGridTest" time="0.327" classname="Test.BasicTatoc.OpenBasicTatocTest"/>
  <testcase name="dragAndDropTest" time="0.343" classname="Test.BasicTatoc.OpenBasicTatocTest"/>
  <testcase name="submitNameTest" time="0.443" classname="Test.BasicTatoc.OpenBasicTatocTest"/>
  <testcase name="launchPopupWindowTest" time="0.171" classname="Test.BasicTatoc.OpenBasicTatocTest"/>
  <testcase name="proceedPassTest" time="0.984" classname="Test.BasicTatoc.OpenBasicTatocTest"/>
  <testcase name="generateToken" time="0.274" classname="Test.BasicTatoc.OpenBasicTatocTest"/>
</testsuite> <!-- Test.BasicTatoc.OpenBasicTatocTest -->
