<?xml version="1.0" encoding="UTF-8"?>
<!-- Generated by org.testng.reporters.JUnitReportReporter -->
<testsuite hostname="asda1713po02529" name="Test.BasicTatoc.GenerateTokenTest" tests="1" failures="0" timestamp="31 Jul 2017 04:57:06 GMT" time="0.331" errors="0">
  <testcase name="generateToken" time="0.331" classname="Test.BasicTatoc.GenerateTokenTest"/>
</testsuite> <!-- Test.BasicTatoc.GenerateTokenTest -->
