<?xml version="1.0" encoding="UTF-8"?>
<!-- Generated by org.testng.reporters.JUnitReportReporter -->
<testsuite hostname="asda1713po02529" name="Test.BasicTatoc.GridTest" tests="2" failures="0" timestamp="31 Jul 2017 04:57:06 GMT" time="1.710" errors="0">
  <testcase name="redGridTest" time="0.347" classname="Test.BasicTatoc.GridTest"/>
  <testcase name="greenGridTest" time="1.363" classname="Test.BasicTatoc.GridTest"/>
</testsuite> <!-- Test.BasicTatoc.GridTest -->
