<?xml version="1.0" encoding="UTF-8"?>
<!-- Generated by org.testng.reporters.JUnitReportReporter -->
<testsuite hostname="asda1713po02529" name="Test.BasicTatoc.OpenBasicTatocTest" tests="11" failures="0" timestamp="26 Jul 2017 06:30:56 GMT" time="4.723" errors="0">
  <testcase name="repaintSecondBoxtest" time="0.383" classname="Test.BasicTatoc.OpenBasicTatocTest"/>
  <testcase name="launchPopupWindowTest" time="0.166" classname="Test.BasicTatoc.OpenBasicTatocTest"/>
  <testcase name="proceedPassTest" time="1.521" classname="Test.BasicTatoc.OpenBasicTatocTest"/>
  <testcase name="submitNameFailtest" time="0.353" classname="Test.BasicTatoc.OpenBasicTatocTest"/>
  <testcase name="redGridTest" time="0.431" classname="Test.BasicTatoc.OpenBasicTatocTest"/>
  <testcase name="dragAndDropFailTest" time="0.167" classname="Test.BasicTatoc.OpenBasicTatocTest"/>
  <testcase name="generateToken" time="0.279" classname="Test.BasicTatoc.OpenBasicTatocTest"/>
  <testcase name="proceedFailTest" time="0.324" classname="Test.BasicTatoc.OpenBasicTatocTest"/>
  <testcase name="dragAndDropTest" time="0.292" classname="Test.BasicTatoc.OpenBasicTatocTest"/>
  <testcase name="greenGridTest" time="0.266" classname="Test.BasicTatoc.OpenBasicTatocTest"/>
  <testcase name="submitNameTest" time="0.541" classname="Test.BasicTatoc.OpenBasicTatocTest"/>
</testsuite> <!-- Test.BasicTatoc.OpenBasicTatocTest -->
