<?xml version="1.0" encoding="UTF-8"?>
<!-- Generated by org.testng.reporters.JUnitReportReporter -->
<testsuite hostname="asda1713po02529" name="Test.AdvanceTatoc.DownloadFileTest" tests="1" failures="0" timestamp="27 Jul 2017 09:15:48 GMT" time="2.414" errors="0">
  <testcase name="fileHandleTest" time="2.414" classname="Test.AdvanceTatoc.DownloadFileTest"/>
</testsuite> <!-- Test.AdvanceTatoc.DownloadFileTest -->
