<?xml version="1.0" encoding="UTF-8"?>
<!-- Generated by org.testng.reporters.JUnitReportReporter -->
<testsuite hostname="asda1713po02529" name="Test.BasicTatoc.DragAndDropTest" tests="2" failures="0" timestamp="31 Jul 2017 04:57:06 GMT" time="0.396" errors="0">
  <testcase name="dragAndDropFailTest" time="0.161" classname="Test.BasicTatoc.DragAndDropTest"/>
  <testcase name="dragAndDropTest" time="0.235" classname="Test.BasicTatoc.DragAndDropTest"/>
</testsuite> <!-- Test.BasicTatoc.DragAndDropTest -->
