<?xml version="1.0" encoding="UTF-8"?>
<!-- Generated by org.testng.reporters.JUnitReportReporter -->
<testsuite hostname="asda1713po02529" name="Test.AdvanceTatoc.HoverMenuTest" tests="5" failures="0" timestamp="26 Jul 2017 12:25:30 GMT" time="3.666" errors="0">
  <testcase name="queryGateTest" time="1.146" classname="Test.AdvanceTatoc.HoverMenuTest"/>
  <testcase name="OoyalaTest" time="0.001" classname="Test.AdvanceTatoc.HoverMenuTest"/>
  <testcase name="hoverMenuTest" time="1.254" classname="Test.AdvanceTatoc.HoverMenuTest"/>
  <testcase name="restfulTest" time="0.243" classname="Test.AdvanceTatoc.HoverMenuTest"/>
  <testcase name="fileHandleTest" time="1.022" classname="Test.AdvanceTatoc.HoverMenuTest"/>
</testsuite> <!-- Test.AdvanceTatoc.HoverMenuTest -->
