<?xml version="1.0" encoding="UTF-8"?>
<!-- Generated by org.testng.reporters.JUnitReportReporter -->
<testsuite hostname="asda1713po02529" name="Test.BasicTatoc.PopupWindowTest" tests="3" failures="0" timestamp="31 Jul 2017 04:57:06 GMT" time="0.931" errors="0">
  <testcase name="submitNameTest" time="0.497" classname="Test.BasicTatoc.PopupWindowTest"/>
  <testcase name="submitNameFailtest" time="0.316" classname="Test.BasicTatoc.PopupWindowTest"/>
  <testcase name="launchPopupWindowTest" time="0.118" classname="Test.BasicTatoc.PopupWindowTest"/>
</testsuite> <!-- Test.BasicTatoc.PopupWindowTest -->
