<?xml version="1.0" encoding="UTF-8"?>
<!-- Generated by org.testng.reporters.JUnitReportReporter -->
<testsuite hostname="asda1713po02529" name="Test.AdvanceTatoc.VideoPlayerTest" tests="1" failures="0" timestamp="27 Jul 2017 09:15:48 GMT" time="0.009" errors="0">
  <testcase name="OoyalaTest" time="0.009" classname="Test.AdvanceTatoc.VideoPlayerTest"/>
</testsuite> <!-- Test.AdvanceTatoc.VideoPlayerTest -->
